<?xml version="1.0" encoding="UTF-8"?>
<!-- Generated by org.testng.reporters.JUnitXMLReporter -->
<testsuite hostname="asda1701po02529" ignored="0" name="Default test" tests="6" failures="0" timestamp="09 Feb 2018 06:01:58 GMT" time="9.44" errors="0">
  <testcase name="HomePage" time="0.129" classname="tatoc.Tatoc"/>
  <testcase name="GreenBox" time="0.114" classname="tatoc.Tatoc"/>
  <testcase name="iframe" time="0.351" classname="tatoc.Tatoc"/>
  <testcase name="drag_n_drop" time="0.175" classname="tatoc.Tatoc"/>
  <testcase name="window_handler" time="0.324" classname="tatoc.Tatoc"/>
  <testcase name="cookie" time="0.141" classname="tatoc.Tatoc"/>
</testsuite> <!-- Default test -->
