<?xml version="1.0" encoding="UTF-8"?>
<!-- Generated by org.testng.reporters.JUnitXMLReporter -->
<testsuite hostname="asda1701po02529" ignored="0" name="Default test" tests="6" failures="0" timestamp="09 Feb 2018 05:05:03 GMT" time="9.518" errors="0">
  <testcase name="HomePage" time="0.131" classname="tatoc.Tatoc"/>
  <testcase name="GreenBox" time="0.12" classname="tatoc.Tatoc"/>
  <testcase name="iframe" time="1.117" classname="tatoc.Tatoc"/>
  <testcase name="drag_n_drop" time="0.182" classname="tatoc.Tatoc"/>
  <testcase name="window_handler" time="0.291" classname="tatoc.Tatoc"/>
  <testcase name="cookie" time="0.165" classname="tatoc.Tatoc"/>
</testsuite> <!-- Default test -->
